<?xml version="1.0" encoding="UTF-8"?>
<!-- Generated by org.testng.reporters.JUnitReportReporter -->
<testsuite hostname="sk" failures="0" tests="3" name="TestNG.DataProvider" time="0.012" errors="0" timestamp="2023-01-04T16:24:56 IST" skipped="0">
  <testcase classname="TestNG.DataProvider" name="test" time="0.009"/>
  <system-out/>
  <testcase classname="TestNG.DataProvider" name="test" time="0.001"/>
  <system-out/>
  <testcase classname="TestNG.DataProvider" name="test" time="0.002"/>
  <system-out/>
</testsuite> <!-- TestNG.DataProvider -->
