<?xml version="1.0" encoding="UTF-8"?>
<!-- Generated by org.testng.reporters.JUnitReportReporter -->
<testsuite hostname="sk" failures="0" tests="5" name="TestNG.Priority" time="0.023" errors="0" timestamp="2023-01-04T10:59:53 IST" skipped="0">
  <testcase classname="TestNG.Priority" name="Ademo" time="0.013"/>
  <system-out/>
  <testcase classname="TestNG.Priority" name="Bdemo" time="0.003"/>
  <system-out/>
  <testcase classname="TestNG.Priority" name="ademo" time="0.004"/>
  <system-out/>
  <testcase classname="TestNG.Priority" name="edemo" time="0.002"/>
  <system-out/>
  <testcase classname="TestNG.Priority" name="hdemo" time="0.001"/>
  <system-out/>
</testsuite> <!-- TestNG.Priority -->
