<?xml version="1.0" encoding="UTF-8"?>
<!-- Generated by org.testng.reporters.JUnitReportReporter -->
<testsuite hostname="sk" failures="0" tests="30" name="TestNG.InvocationCount" time="0.098" errors="0" timestamp="2023-01-04T10:56:48 IST" skipped="0">
  <testcase classname="TestNG.InvocationCount" name="ExamTest" time="0.001"/>
  <system-out/>
  <testcase classname="TestNG.InvocationCount" name="RunTest" time="0.003"/>
  <system-out/>
  <testcase classname="TestNG.InvocationCount" name="ExamTest" time="0.003"/>
  <system-out/>
  <testcase classname="TestNG.InvocationCount" name="ExamTest" time="0.002"/>
  <system-out/>
  <testcase classname="TestNG.InvocationCount" name="ExamTest" time="0.004"/>
  <system-out/>
  <testcase classname="TestNG.InvocationCount" name="RunTest" time="0.004"/>
  <system-out/>
  <testcase classname="TestNG.InvocationCount" name="RunTest" time="0.002"/>
  <system-out/>
  <testcase classname="TestNG.InvocationCount" name="ExamTest" time="0.001"/>
  <system-out/>
  <testcase classname="TestNG.InvocationCount" name="ExamTest" time="0.002"/>
  <system-out/>
  <testcase classname="TestNG.InvocationCount" name="ExamTest" time="0.003"/>
  <system-out/>
  <testcase classname="TestNG.InvocationCount" name="RunTest" time="0.004"/>
  <system-out/>
  <testcase classname="TestNG.InvocationCount" name="RunTest" time="0.002"/>
  <system-out/>
  <testcase classname="TestNG.InvocationCount" name="ExamTest" time="0.005"/>
  <system-out/>
  <testcase classname="TestNG.InvocationCount" name="DemoTest" time="0.004"/>
  <system-out/>
  <testcase classname="TestNG.InvocationCount" name="ExamTest" time="0.004"/>
  <system-out/>
  <testcase classname="TestNG.InvocationCount" name="DemoTest" time="0.002"/>
  <system-out/>
  <testcase classname="TestNG.InvocationCount" name="RunTest" time="0.003"/>
  <system-out/>
  <testcase classname="TestNG.InvocationCount" name="DemoTest" time="0.004"/>
  <system-out/>
  <testcase classname="TestNG.InvocationCount" name="ExamTest" time="0.001"/>
  <system-out/>
  <testcase classname="TestNG.InvocationCount" name="RunTest" time="0.001"/>
  <system-out/>
  <testcase classname="TestNG.InvocationCount" name="ExamTest" time="0.004"/>
  <system-out/>
  <testcase classname="TestNG.InvocationCount" name="ExamTest" time="0.003"/>
  <system-out/>
  <testcase classname="TestNG.InvocationCount" name="RunTest" time="0.002"/>
  <system-out/>
  <testcase classname="TestNG.InvocationCount" name="ExamTest" time="0.002"/>
  <system-out/>
  <testcase classname="TestNG.InvocationCount" name="ExamTest" time="0.007"/>
  <system-out/>
  <testcase classname="TestNG.InvocationCount" name="DemoTest" time="0.002"/>
  <system-out/>
  <testcase classname="TestNG.InvocationCount" name="RunTest" time="0.003"/>
  <system-out/>
  <testcase classname="TestNG.InvocationCount" name="RunTest" time="0.003"/>
  <system-out/>
  <testcase classname="TestNG.InvocationCount" name="ExamTest" time="0.003"/>
  <system-out/>
  <testcase classname="TestNG.InvocationCount" name="DemoTest" time="0.014"/>
  <system-out/>
</testsuite> <!-- TestNG.InvocationCount -->
