<?xml version="1.0" encoding="UTF-8"?>
<!-- Generated by org.testng.reporters.JUnitReportReporter -->
<testsuite hostname="sk" failures="0" tests="5" name="TestNG.Test1" time="0.020" errors="0" timestamp="2023-01-04T13:47:23 IST" skipped="0">
  <testcase classname="TestNG.Test1" name="demo" time="0.002"/>
  <system-out/>
  <testcase classname="TestNG.Test1" name="gdemo" time="0.001"/>
  <system-out/>
  <testcase classname="TestNG.Test1" name="hdemo" time="0.001"/>
  <system-out/>
  <testcase classname="TestNG.Test1" name="Ademo" time="0.015"/>
  <system-out/>
  <testcase classname="TestNG.Test1" name="edemo" time="0.001"/>
  <system-out/>
</testsuite> <!-- TestNG.Test1 -->
