<?xml version="1.0" encoding="UTF-8"?>
<testng-results ignored="0" total="1" passed="1" failed="0" skipped="0">
  <reporter-output>
  </reporter-output>
  <suite started-at="2023-01-05T16:42:25 IST" name="Default suite" finished-at="2023-01-05T16:42:25 IST" duration-ms="70">
    <groups>
    </groups>
    <test started-at="2023-01-05T16:42:25 IST" name="Default test" finished-at="2023-01-05T16:42:25 IST" duration-ms="70">
      <class name="TestNG.SoftAssert">
        <test-method signature="demo()[pri:0, instance:TestNG.SoftAssert@2177849e]" started-at="2023-01-05T16:42:25 IST" name="demo" finished-at="2023-01-05T16:42:25 IST" duration-ms="18" status="PASS">
          <reporter-output>
          </reporter-output>
        </test-method> <!-- demo -->
      </class> <!-- TestNG.SoftAssert -->
    </test> <!-- Default test -->
  </suite> <!-- Default suite -->
</testng-results>
